# JRE version: OpenJDK Runtime Environment Temurin-21.0.8+9 (21.0.8+9) (build 21.0.8+9-LTS)
# Java VM: OpenJDK 64-Bit Server VM Temurin-21.0.8+9 (21.0.8+9-LTS, mixed mode, sharing, tiered, compressed oops, compressed class ptrs, parallel gc, windows-amd64)
GC Precious Log:
 CardTable entry size: 512
 CPUs: 8 total, 8 available
 Memory: 8035M
 Large Page Support: Disabled
 NUMA Support: Disabled
 Compressed Oops: Enabled (32-bit)
 Alignments: Space 512K, Generation 512K, Heap 2M
 Heap Min Capacity: 100M
 Heap Initial Capacity: 100M
 Heap Max Capacity: 2G
 Pre-touch: Disabled
 Parallel Workers: 8
Heap:
 PSYoungGen      total 12288K, used 3669K [0x00000000d5580000, 0x00000000d6300000, 0x0000000100000000)
  eden space 11776K, 26% used [0x00000000d5580000,0x00000000d5895740,0x00000000d6100000)
  from space 512K, 100% used [0x00000000d6280000,0x00000000d6300000,0x00000000d6300000)
  to   space 1024K, 0% used [0x00000000d6100000,0x00000000d6100000,0x00000000d6200000)
 ParOldGen       total 1216512K, used 1205450K [0x0000000080000000, 0x00000000ca400000, 0x00000000d5580000)
  object space 1216512K, 99% used [0x0000000080000000,0x00000000c9932b38,0x00000000ca400000)
 Metaspace       used 88833K, committed 90496K, reserved 1179648K
  class space    used 9111K, committed 9856K, reserved 1048576K
GC Heap History (20 events):
Event: 1578.833 GC heap before
{Heap before GC invocations=4062 (full 5):
 PSYoungGen      total 12800K, used 12688K [0x00000000d5580000, 0x00000000d6480000, 0x0000000100000000)
  eden space 11776K, 100% used [0x00000000d5580000,0x00000000d6100000,0x00000000d6100000)
  from space 1024K, 89% used [0x00000000d6380000,0x00000000d6464010,0x00000000d6480000)
  to   space 1536K, 0% used [0x00000000d6180000,0x00000000d6180000,0x00000000d6300000)
 ParOldGen       total 1216512K, used 1199697K [0x0000000080000000, 0x00000000ca400000, 0x00000000d5580000)
  object space 1216512K, 98% used [0x0000000080000000,0x00000000c9394448,0x00000000ca400000)
 Metaspace       used 88812K, committed 90432K, reserved 1179648K
  class space    used 9111K, committed 9856K, reserved 1048576K
}
Event: 1578.839 GC heap after
{Heap after GC invocations=4062 (full 5):
 PSYoungGen      total 13312K, used 1520K [0x00000000d5580000, 0x00000000d6500000, 0x0000000100000000)
  eden space 11776K, 0% used [0x00000000d5580000,0x00000000d5580000,0x00000000d6100000)
  from space 1536K, 98% used [0x00000000d6180000,0x00000000d62fc010,0x00000000d6300000)
  to   space 2048K, 0% used [0x00000000d6300000,0x00000000d6300000,0x00000000d6500000)
 ParOldGen       total 1216512K, used 1200025K [0x0000000080000000, 0x00000000ca400000, 0x00000000d5580000)
  object space 1216512K, 98% used [0x0000000080000000,0x00000000c93e6458,0x00000000ca400000)
 Metaspace       used 88812K, committed 90432K, reserved 1179648K
  class space    used 9111K, committed 9856K, reserved 1048576K
}
Event: 1579.256 GC heap before
{Heap before GC invocations=4063 (full 5):
 PSYoungGen      total 13312K, used 13296K [0x00000000d5580000, 0x00000000d6500000, 0x0000000100000000)
  eden space 11776K, 100% used [0x00000000d5580000,0x00000000d6100000,0x00000000d6100000)
  from space 1536K, 98% used [0x00000000d6180000,0x00000000d62fc010,0x00000000d6300000)
  to   space 2048K, 0% used [0x00000000d6300000,0x00000000d6300000,0x00000000d6500000)
 ParOldGen       total 1216512K, used 1200025K [0x0000000080000000, 0x00000000ca400000, 0x00000000d5580000)
  object space 1216512K, 98% used [0x0000000080000000,0x00000000c93e6458,0x00000000ca400000)
 Metaspace       used 88812K, committed 90432K, reserved 1179648K
  class space    used 9111K, committed 9856K, reserved 1048576K
}
Event: 1579.266 GC heap after
{Heap after GC invocations=4063 (full 5):
 PSYoungGen      total 12800K, used 736K [0x00000000d5580000, 0x00000000d6400000, 0x0000000100000000)
  eden space 11776K, 0% used [0x00000000d5580000,0x00000000d5580000,0x00000000d6100000)
  from space 1024K, 71% used [0x00000000d6300000,0x00000000d63b8000,0x00000000d6400000)
  to   space 1536K, 0% used [0x00000000d6100000,0x00000000d6100000,0x00000000d6280000)
 ParOldGen       total 1216512K, used 1201535K [0x0000000080000000, 0x00000000ca400000, 0x00000000d5580000)
  object space 1216512K, 98% used [0x0000000080000000,0x00000000c955fd78,0x00000000ca400000)
 Metaspace       used 88812K, committed 90432K, reserved 1179648K
  class space    used 9111K, committed 9856K, reserved 1048576K
}
Event: 1580.327 GC heap before
{Heap before GC invocations=4064 (full 5):
 PSYoungGen      total 12800K, used 12512K [0x00000000d5580000, 0x00000000d6400000, 0x0000000100000000)
  eden space 11776K, 100% used [0x00000000d5580000,0x00000000d6100000,0x00000000d6100000)
  from space 1024K, 71% used [0x00000000d6300000,0x00000000d63b8000,0x00000000d6400000)
  to   space 1536K, 0% used [0x00000000d6100000,0x00000000d6100000,0x00000000d6280000)
 ParOldGen       total 1216512K, used 1201535K [0x0000000080000000, 0x00000000ca400000, 0x00000000d5580000)
  object space 1216512K, 98% used [0x0000000080000000,0x00000000c955fd78,0x00000000ca400000)
 Metaspace       used 88813K, committed 90432K, reserved 1179648K
  class space    used 9111K, committed 9856K, reserved 1048576K
}
Event: 1580.334 GC heap after
{Heap after GC invocations=4064 (full 5):
 PSYoungGen      total 13312K, used 1488K [0x00000000d5580000, 0x00000000d6500000, 0x0000000100000000)
  eden space 11776K, 0% used [0x00000000d5580000,0x00000000d5580000,0x00000000d6100000)
  from space 1536K, 96% used [0x00000000d6100000,0x00000000d6274010,0x00000000d6280000)
  to   space 2048K, 0% used [0x00000000d6300000,0x00000000d6300000,0x00000000d6500000)
 ParOldGen       total 1216512K, used 1201967K [0x0000000080000000, 0x00000000ca400000, 0x00000000d5580000)
  object space 1216512K, 98% used [0x0000000080000000,0x00000000c95cbd78,0x00000000ca400000)
 Metaspace       used 88813K, committed 90432K, reserved 1179648K
  class space    used 9111K, committed 9856K, reserved 1048576K
}
Event: 1582.564 GC heap before
{Heap before GC invocations=4065 (full 5):
 PSYoungGen      total 13312K, used 13264K [0x00000000d5580000, 0x00000000d6500000, 0x0000000100000000)
  eden space 11776K, 100% used [0x00000000d5580000,0x00000000d6100000,0x00000000d6100000)
  from space 1536K, 96% used [0x00000000d6100000,0x00000000d6274010,0x00000000d6280000)
  to   space 2048K, 0% used [0x00000000d6300000,0x00000000d6300000,0x00000000d6500000)
 ParOldGen       total 1216512K, used 1201967K [0x0000000080000000, 0x00000000ca400000, 0x00000000d5580000)
  object space 1216512K, 98% used [0x0000000080000000,0x00000000c95cbd78,0x00000000ca400000)
 Metaspace       used 88814K, committed 90432K, reserved 1179648K
  class space    used 9111K, committed 9856K, reserved 1048576K
}
Event: 1582.569 GC heap after
{Heap after GC invocations=4065 (full 5):
 PSYoungGen      total 13312K, used 1152K [0x00000000d5580000, 0x00000000d6480000, 0x0000000100000000)
  eden space 11776K, 0% used [0x00000000d5580000,0x00000000d5580000,0x00000000d6100000)
  from space 1536K, 75% used [0x00000000d6300000,0x00000000d6420020,0x00000000d6480000)
  to   space 1536K, 0% used [0x00000000d6100000,0x00000000d6100000,0x00000000d6280000)
 ParOldGen       total 1216512K, used 1201999K [0x0000000080000000, 0x00000000ca400000, 0x00000000d5580000)
  object space 1216512K, 98% used [0x0000000080000000,0x00000000c95d3d78,0x00000000ca400000)
 Metaspace       used 88814K, committed 90432K, reserved 1179648K
  class space    used 9111K, committed 9856K, reserved 1048576K
}
Event: 1585.929 GC heap before
{Heap before GC invocations=4066 (full 5):
 PSYoungGen      total 13312K, used 12928K [0x00000000d5580000, 0x00000000d6480000, 0x0000000100000000)
  eden space 11776K, 100% used [0x00000000d5580000,0x00000000d6100000,0x00000000d6100000)
  from space 1536K, 75% used [0x00000000d6300000,0x00000000d6420020,0x00000000d6480000)
  to   space 1536K, 0% used [0x00000000d6100000,0x00000000d6100000,0x00000000d6280000)
 ParOldGen       total 1216512K, used 1201999K [0x0000000080000000, 0x00000000ca400000, 0x00000000d5580000)
  object space 1216512K, 98% used [0x0000000080000000,0x00000000c95d3d78,0x00000000ca400000)
 Metaspace       used 88814K, committed 90432K, reserved 1179648K
  class space    used 9111K, committed 9856K, reserved 1048576K
}
Event: 1585.937 GC heap after
{Heap after GC invocations=4066 (full 5):
 PSYoungGen      total 13312K, used 192K [0x00000000d5580000, 0x00000000d6380000, 0x0000000100000000)
  eden space 11776K, 0% used [0x00000000d5580000,0x00000000d5580000,0x00000000d6100000)
  from space 1536K, 12% used [0x00000000d6100000,0x00000000d6130000,0x00000000d6280000)
  to   space 1024K, 0% used [0x00000000d6280000,0x00000000d6280000,0x00000000d6380000)
 ParOldGen       total 1216512K, used 1202844K [0x0000000080000000, 0x00000000ca400000, 0x00000000d5580000)
  object space 1216512K, 98% used [0x0000000080000000,0x00000000c96a7208,0x00000000ca400000)
 Metaspace       used 88814K, committed 90432K, reserved 1179648K
  class space    used 9111K, committed 9856K, reserved 1048576K
}
Event: 1650.343 GC heap before
{Heap before GC invocations=4067 (full 5):
 PSYoungGen      total 13312K, used 11968K [0x00000000d5580000, 0x00000000d6380000, 0x0000000100000000)
  eden space 11776K, 100% used [0x00000000d5580000,0x00000000d6100000,0x00000000d6100000)
  from space 1536K, 12% used [0x00000000d6100000,0x00000000d6130000,0x00000000d6280000)
  to   space 1024K, 0% used [0x00000000d6280000,0x00000000d6280000,0x00000000d6380000)
 ParOldGen       total 1216512K, used 1202844K [0x0000000080000000, 0x00000000ca400000, 0x00000000d5580000)
  object space 1216512K, 98% used [0x0000000080000000,0x00000000c96a7208,0x00000000ca400000)
 Metaspace       used 88819K, committed 90432K, reserved 1179648K
  class space    used 9111K, committed 9856K, reserved 1048576K
}
Event: 1650.350 GC heap after
{Heap after GC invocations=4067 (full 5):
 PSYoungGen      total 12800K, used 704K [0x00000000d5580000, 0x00000000d6380000, 0x0000000100000000)
  eden space 11776K, 0% used [0x00000000d5580000,0x00000000d5580000,0x00000000d6100000)
  from space 1024K, 68% used [0x00000000d6280000,0x00000000d6330000,0x00000000d6380000)
  to   space 1024K, 0% used [0x00000000d6180000,0x00000000d6180000,0x00000000d6280000)
 ParOldGen       total 1216512K, used 1202892K [0x0000000080000000, 0x00000000ca400000, 0x00000000d5580000)
  object space 1216512K, 98% used [0x0000000080000000,0x00000000c96b3208,0x00000000ca400000)
 Metaspace       used 88819K, committed 90432K, reserved 1179648K
  class space    used 9111K, committed 9856K, reserved 1048576K
}
Event: 1651.422 GC heap before
{Heap before GC invocations=4068 (full 5):
 PSYoungGen      total 12800K, used 12480K [0x00000000d5580000, 0x00000000d6380000, 0x0000000100000000)
  eden space 11776K, 100% used [0x00000000d5580000,0x00000000d6100000,0x00000000d6100000)
  from space 1024K, 68% used [0x00000000d6280000,0x00000000d6330000,0x00000000d6380000)
  to   space 1024K, 0% used [0x00000000d6180000,0x00000000d6180000,0x00000000d6280000)
 ParOldGen       total 1216512K, used 1202892K [0x0000000080000000, 0x00000000ca400000, 0x00000000d5580000)
  object space 1216512K, 98% used [0x0000000080000000,0x00000000c96b3208,0x00000000ca400000)
 Metaspace       used 88819K, committed 90432K, reserved 1179648K
  class space    used 9111K, committed 9856K, reserved 1048576K
}
Event: 1651.431 GC heap after
{Heap after GC invocations=4068 (full 5):
 PSYoungGen      total 12800K, used 1008K [0x00000000d5580000, 0x00000000d6500000, 0x0000000100000000)
  eden space 11776K, 0% used [0x00000000d5580000,0x00000000d5580000,0x00000000d6100000)
  from space 1024K, 98% used [0x00000000d6180000,0x00000000d627c010,0x00000000d6280000)
  to   space 2048K, 0% used [0x00000000d6300000,0x00000000d6300000,0x00000000d6500000)
 ParOldGen       total 1216512K, used 1203488K [0x0000000080000000, 0x00000000ca400000, 0x00000000d5580000)
  object space 1216512K, 98% used [0x0000000080000000,0x00000000c9748218,0x00000000ca400000)
 Metaspace       used 88819K, committed 90432K, reserved 1179648K
  class space    used 9111K, committed 9856K, reserved 1048576K
}
Event: 1651.532 GC heap before
{Heap before GC invocations=4069 (full 5):
 PSYoungGen      total 12800K, used 12784K [0x00000000d5580000, 0x00000000d6500000, 0x0000000100000000)
  eden space 11776K, 100% used [0x00000000d5580000,0x00000000d6100000,0x00000000d6100000)
  from space 1024K, 98% used [0x00000000d6180000,0x00000000d627c010,0x00000000d6280000)
  to   space 2048K, 0% used [0x00000000d6300000,0x00000000d6300000,0x00000000d6500000)
 ParOldGen       total 1216512K, used 1203488K [0x0000000080000000, 0x00000000ca400000, 0x00000000d5580000)
  object space 1216512K, 98% used [0x0000000080000000,0x00000000c9748218,0x00000000ca400000)
 Metaspace       used 88819K, committed 90432K, reserved 1179648K
  class space    used 9111K, committed 9856K, reserved 1048576K
}
Event: 1651.543 GC heap after
{Heap after GC invocations=4069 (full 5):
 PSYoungGen      total 12800K, used 720K [0x00000000d5580000, 0x00000000d6400000, 0x0000000100000000)
  eden space 11776K, 0% used [0x00000000d5580000,0x00000000d5580000,0x00000000d6100000)
  from space 1024K, 70% used [0x00000000d6300000,0x00000000d63b4010,0x00000000d6400000)
  to   space 1536K, 0% used [0x00000000d6100000,0x00000000d6100000,0x00000000d6280000)
 ParOldGen       total 1216512K, used 1204445K [0x0000000080000000, 0x00000000ca400000, 0x00000000d5580000)
  object space 1216512K, 99% used [0x0000000080000000,0x00000000c98376a8,0x00000000ca400000)
 Metaspace       used 88819K, committed 90432K, reserved 1179648K
  class space    used 9111K, committed 9856K, reserved 1048576K
}
Event: 1652.456 GC heap before
{Heap before GC invocations=4070 (full 5):
 PSYoungGen      total 12800K, used 12496K [0x00000000d5580000, 0x00000000d6400000, 0x0000000100000000)
  eden space 11776K, 100% used [0x00000000d5580000,0x00000000d6100000,0x00000000d6100000)
  from space 1024K, 70% used [0x00000000d6300000,0x00000000d63b4010,0x00000000d6400000)
  to   space 1536K, 0% used [0x00000000d6100000,0x00000000d6100000,0x00000000d6280000)
 ParOldGen       total 1216512K, used 1204445K [0x0000000080000000, 0x00000000ca400000, 0x00000000d5580000)
  object space 1216512K, 99% used [0x0000000080000000,0x00000000c98376a8,0x00000000ca400000)
 Metaspace       used 88819K, committed 90432K, reserved 1179648K
  class space    used 9111K, committed 9856K, reserved 1048576K
}
Event: 1652.465 GC heap after
{Heap after GC invocations=4070 (full 5):
 PSYoungGen      total 13312K, used 1024K [0x00000000d5580000, 0x00000000d6400000, 0x0000000100000000)
  eden space 11776K, 0% used [0x00000000d5580000,0x00000000d5580000,0x00000000d6100000)
  from space 1536K, 66% used [0x00000000d6100000,0x00000000d6200000,0x00000000d6280000)
  to   space 1536K, 0% used [0x00000000d6280000,0x00000000d6280000,0x00000000d6400000)
 ParOldGen       total 1216512K, used 1204469K [0x0000000080000000, 0x00000000ca400000, 0x00000000d5580000)
  object space 1216512K, 99% used [0x0000000080000000,0x00000000c983d6a8,0x00000000ca400000)
 Metaspace       used 88819K, committed 90432K, reserved 1179648K
  class space    used 9111K, committed 9856K, reserved 1048576K
}
Event: 1652.629 GC heap before
{Heap before GC invocations=4071 (full 5):
 PSYoungGen      total 13312K, used 12800K [0x00000000d5580000, 0x00000000d6400000, 0x0000000100000000)
  eden space 11776K, 100% used [0x00000000d5580000,0x00000000d6100000,0x00000000d6100000)
  from space 1536K, 66% used [0x00000000d6100000,0x00000000d6200000,0x00000000d6280000)
  to   space 1536K, 0% used [0x00000000d6280000,0x00000000d6280000,0x00000000d6400000)
 ParOldGen       total 1216512K, used 1204469K [0x0000000080000000, 0x00000000ca400000, 0x00000000d5580000)
  object space 1216512K, 99% used [0x0000000080000000,0x00000000c983d6a8,0x00000000ca400000)
 Metaspace       used 88819K, committed 90432K, reserved 1179648K
  class space    used 9111K, committed 9856K, reserved 1048576K
}
Event: 1652.637 GC heap after
{Heap after GC invocations=4071 (full 5):
 PSYoungGen      total 12288K, used 512K [0x00000000d5580000, 0x00000000d6300000, 0x0000000100000000)
  eden space 11776K, 0% used [0x00000000d5580000,0x00000000d5580000,0x00000000d6100000)
  from space 512K, 100% used [0x00000000d6280000,0x00000000d6300000,0x00000000d6300000)
  to   space 1024K, 0% used [0x00000000d6100000,0x00000000d6100000,0x00000000d6200000)
 ParOldGen       total 1216512K, used 1205450K [0x0000000080000000, 0x00000000ca400000, 0x00000000d5580000)
  object space 1216512K, 99% used [0x0000000080000000,0x00000000c9932b38,0x00000000ca400000)
 Metaspace       used 88819K, committed 90432K, reserved 1179648K
  class space    used 9111K, committed 9856K, reserved 1048576K
}

